['z', 'y', 'w', 'v', 'u', 't', 's', 'r', 'p', 'o', 'n', 'm', 'l', 'k', 'j', 'i', 'h', 'g', 'f', 'e', 'd', 'c', 'b', 'a']
/dev/shm/Places2/train/z
/dev/shm/Places2/train/y
/dev/shm/Places2/train/w
/dev/shm/Places2/train/v
/dev/shm/Places2/train/u
/dev/shm/Places2/train/t
/dev/shm/Places2/train/s
/dev/shm/Places2/train/r
/dev/shm/Places2/train/p
/dev/shm/Places2/train/o
/dev/shm/Places2/train/n
/dev/shm/Places2/train/m
/dev/shm/Places2/train/l
/dev/shm/Places2/train/k
/dev/shm/Places2/train/j
/dev/shm/Places2/train/i
/dev/shm/Places2/train/h
/dev/shm/Places2/train/g
/dev/shm/Places2/train/f
/dev/shm/Places2/train/e
/dev/shm/Places2/train/d
/dev/shm/Places2/train/c
/dev/shm/Places2/train/b
/dev/shm/Places2/train/a
Processing image 0
Processing image 10000
Processing image 20000
Processing image 30000
Processing image 40000
Processing image 50000
Processing image 60000
Processing image 70000
Processing image 80000
Processing image 90000
Processing image 100000
Processing image 110000
Processing image 120000
Processing image 130000
Processing image 140000
Processing image 150000
Processing image 160000
Processing image 170000
Processing image 180000
Processing image 190000
Processing image 200000
Processing image 210000
Processing image 220000
Processing image 230000
Processing image 240000
Processing image 250000
Processing image 260000
Processing image 270000
Processing image 280000
Processing image 290000
Processing image 300000
Processing image 310000
Processing image 320000
Processing image 330000
Processing image 340000
Processing image 350000
Processing image 360000
Processing image 370000
Processing image 380000
Processing image 390000
Processing image 400000
Processing image 410000
Processing image 420000
Processing image 430000
Processing image 440000
Processing image 450000
Processing image 460000
Processing image 470000
Processing image 480000
Processing image 490000
Processing image 500000
Processing image 510000
Processing image 520000
Processing image 530000
Processing image 540000
Processing image 550000
Processing image 560000
Processing image 570000
Processing image 580000
Processing image 590000
Processing image 600000
Processing image 610000
Processing image 620000
Processing image 630000
Processing image 640000
Processing image 650000
Processing image 660000
Processing image 670000
Processing image 680000
Processing image 690000
Processing image 700000
Processing image 710000
Processing image 720000
Processing image 730000
Processing image 740000
Processing image 750000
Processing image 760000
Processing image 770000
Processing image 780000
Processing image 790000
Processing image 800000
Processing image 810000
Processing image 820000
Processing image 830000
Processing image 840000
Processing image 850000
Processing image 860000
Processing image 870000
Processing image 880000
Processing image 890000
Processing image 900000
Processing image 910000
Processing image 920000
Processing image 930000
Processing image 940000
Processing image 950000
Processing image 960000
Processing image 970000
Processing image 980000
Processing image 990000
Processing image 1000000
Processing image 1010000
Processing image 1020000
Processing image 1030000
Processing image 1040000
Processing image 1050000
Processing image 1060000
Processing image 1070000
Processing image 1080000
Processing image 1090000
Processing image 1100000
Processing image 1110000
Processing image 1120000
Processing image 1130000
Processing image 1140000
Processing image 1150000
Processing image 1160000
Processing image 1170000
Processing image 1180000
Processing image 1190000
Processing image 1200000
Processing image 1210000
Processing image 1220000
Processing image 1230000
Processing image 1240000
Processing image 1250000
Processing image 1260000
Processing image 1270000
Processing image 1280000
Processing image 1290000
Processing image 1300000
Processing image 1310000
Processing image 1320000
Processing image 1330000
Processing image 1340000
Processing image 1350000
Processing image 1360000
Processing image 1370000
Processing image 1380000
Processing image 1390000
Processing image 1400000
Processing image 1410000
Processing image 1420000
Processing image 1430000
Processing image 1440000
Processing image 1450000
Processing image 1460000
Processing image 1470000
Processing image 1480000
Processing image 1490000
Processing image 1500000
Processing image 1510000
Processing image 1520000
Processing image 1530000
Processing image 1540000
Processing image 1550000
Processing image 1560000
Processing image 1570000
Processing image 1580000
Processing image 1590000
Processing image 1600000
Processing image 1610000
Processing image 1620000
Processing image 1630000
Processing image 1640000
Processing image 1650000
Processing image 1660000
Processing image 1670000
Processing image 1680000
Processing image 1690000
Processing image 1700000
Processing image 1710000
Processing image 1720000
Processing image 1730000
Processing image 1740000
Processing image 1750000
Processing image 1760000
Processing image 1770000
Processing image 1780000
Processing image 1790000
Processing image 1800000
/home/vndata/trung/source/calc_mean_std_train_set.py:59: RuntimeWarning: divide by zero encountered in divide
  print((sum_squared_pixels / total_pixels))
[inf inf inf]
[0.1662806  0.19475796 0.2095337 ]
[0.08142335 0.07132926 0.07262904]
